TN:
SF:src\models\PriceModifier.js
FN:260,(anonymous_0)
FN:287,(anonymous_1)
FN:343,(anonymous_2)
FN:381,(anonymous_3)
FNF:4
FNH:3
FNDA:3,(anonymous_0)
FNDA:3,(anonymous_1)
FNDA:0,(anonymous_2)
FNDA:3,(anonymous_3)
DA:12,1
DA:249,1
DA:250,1
DA:251,1
DA:260,1
DA:261,3
DA:264,3
DA:267,3
DA:269,3
DA:272,0
DA:273,0
DA:275,0
DA:279,3
DA:281,3
DA:287,1
DA:289,3
DA:291,3
DA:292,0
DA:296,3
DA:297,0
DA:298,0
DA:302,3
DA:303,0
DA:304,0
DA:308,3
DA:309,0
DA:310,0
DA:312,3
DA:315,3
DA:316,3
DA:318,3
DA:319,3
DA:322,0
DA:324,0
DA:327,0
DA:329,0
DA:332,0
DA:334,0
DA:335,0
DA:337,0
DA:341,0
DA:343,0
DA:344,0
DA:348,0
DA:352,0
DA:353,0
DA:354,0
DA:356,0
DA:357,0
DA:358,0
DA:359,0
DA:361,0
DA:362,0
DA:365,0
DA:368,0
DA:371,3
DA:372,0
DA:375,3
DA:381,1
DA:382,3
DA:384,3
DA:386,2
DA:387,2
DA:389,1
DA:390,1
DA:392,0
DA:393,0
DA:395,0
DA:396,0
DA:400,3
DA:401,0
DA:404,3
LF:72
LH:33
BRDA:264,0,0,0
BRDA:264,0,1,3
BRDA:267,1,0,0
BRDA:267,1,1,3
BRDA:267,2,0,3
BRDA:267,2,1,0
BRDA:269,3,0,0
BRDA:269,3,1,3
BRDA:275,4,0,0
BRDA:275,4,1,0
BRDA:279,5,0,0
BRDA:279,5,1,3
BRDA:279,6,0,3
BRDA:279,6,1,0
BRDA:289,7,0,3
BRDA:289,7,1,0
BRDA:289,7,2,0
BRDA:291,8,0,0
BRDA:291,8,1,3
BRDA:296,9,0,0
BRDA:296,9,1,3
BRDA:297,10,0,0
BRDA:297,10,1,0
BRDA:302,11,0,0
BRDA:302,11,1,3
BRDA:302,12,0,3
BRDA:302,12,1,0
BRDA:303,13,0,0
BRDA:303,13,1,0
BRDA:308,14,0,0
BRDA:308,14,1,3
BRDA:308,15,0,3
BRDA:308,15,1,0
BRDA:309,16,0,0
BRDA:309,16,1,0
BRDA:312,17,0,0
BRDA:312,17,1,3
BRDA:312,18,0,3
BRDA:312,18,1,0
BRDA:316,19,0,3
BRDA:316,19,1,0
BRDA:316,19,2,0
BRDA:316,19,3,0
BRDA:316,19,4,0
BRDA:316,19,5,0
BRDA:316,19,6,0
BRDA:322,20,0,0
BRDA:322,20,1,0
BRDA:322,20,2,0
BRDA:327,21,0,0
BRDA:327,21,1,0
BRDA:327,21,2,0
BRDA:332,22,0,0
BRDA:332,22,1,0
BRDA:332,22,2,0
BRDA:334,23,0,0
BRDA:334,23,1,0
BRDA:334,24,0,0
BRDA:334,24,1,0
BRDA:341,25,0,0
BRDA:341,25,1,0
BRDA:341,26,0,0
BRDA:341,26,1,0
BRDA:344,27,0,0
BRDA:344,27,1,0
BRDA:352,28,0,0
BRDA:352,28,1,0
BRDA:353,29,0,0
BRDA:353,29,1,0
BRDA:359,30,0,0
BRDA:359,30,1,0
BRDA:359,31,0,0
BRDA:359,31,1,0
BRDA:359,32,0,0
BRDA:359,32,1,0
BRDA:371,33,0,0
BRDA:371,33,1,3
BRDA:372,34,0,0
BRDA:372,34,1,0
BRDA:384,35,0,2
BRDA:384,35,1,1
BRDA:384,35,2,0
BRDA:384,35,3,0
BRDA:400,36,0,0
BRDA:400,36,1,3
BRDA:400,37,0,3
BRDA:400,37,1,1
BRF:87
BRH:22
end_of_record
TN:
SF:src\services\FieldResolver.js
FN:12,(anonymous_0)
FN:31,(anonymous_1)
FN:34,(anonymous_2)
FN:35,(anonymous_3)
FN:36,(anonymous_4)
FN:37,(anonymous_5)
FN:38,(anonymous_6)
FN:39,(anonymous_7)
FN:42,(anonymous_8)
FN:43,(anonymous_9)
FN:44,(anonymous_10)
FN:45,(anonymous_11)
FN:48,(anonymous_12)
FN:49,(anonymous_13)
FN:50,(anonymous_14)
FN:51,(anonymous_15)
FN:52,(anonymous_16)
FN:53,(anonymous_17)
FN:56,(anonymous_18)
FN:57,(anonymous_19)
FN:58,(anonymous_20)
FN:59,(anonymous_21)
FN:62,(anonymous_22)
FN:63,(anonymous_23)
FN:64,(anonymous_24)
FN:65,(anonymous_25)
FN:66,(anonymous_26)
FN:72,(anonymous_27)
FN:73,(anonymous_28)
FN:74,(anonymous_29)
FN:75,(anonymous_30)
FN:78,(anonymous_31)
FN:79,(anonymous_32)
FN:82,(anonymous_33)
FN:83,(anonymous_34)
FN:84,(anonymous_35)
FN:94,(anonymous_36)
FN:106,(anonymous_37)
FN:112,(anonymous_38)
FN:121,(anonymous_39)
FNF:40
FNH:0
FNDA:0,(anonymous_0)
FNDA:0,(anonymous_1)
FNDA:0,(anonymous_2)
FNDA:0,(anonymous_3)
FNDA:0,(anonymous_4)
FNDA:0,(anonymous_5)
FNDA:0,(anonymous_6)
FNDA:0,(anonymous_7)
FNDA:0,(anonymous_8)
FNDA:0,(anonymous_9)
FNDA:0,(anonymous_10)
FNDA:0,(anonymous_11)
FNDA:0,(anonymous_12)
FNDA:0,(anonymous_13)
FNDA:0,(anonymous_14)
FNDA:0,(anonymous_15)
FNDA:0,(anonymous_16)
FNDA:0,(anonymous_17)
FNDA:0,(anonymous_18)
FNDA:0,(anonymous_19)
FNDA:0,(anonymous_20)
FNDA:0,(anonymous_21)
FNDA:0,(anonymous_22)
FNDA:0,(anonymous_23)
FNDA:0,(anonymous_24)
FNDA:0,(anonymous_25)
FNDA:0,(anonymous_26)
FNDA:0,(anonymous_27)
FNDA:0,(anonymous_28)
FNDA:0,(anonymous_29)
FNDA:0,(anonymous_30)
FNDA:0,(anonymous_31)
FNDA:0,(anonymous_32)
FNDA:0,(anonymous_33)
FNDA:0,(anonymous_34)
FNDA:0,(anonymous_35)
FNDA:0,(anonymous_36)
FNDA:0,(anonymous_37)
FNDA:0,(anonymous_38)
FNDA:0,(anonymous_39)
DA:13,0
DA:15,0
DA:16,0
DA:17,0
DA:20,0
DA:21,0
DA:23,0
DA:24,0
DA:32,0
DA:34,0
DA:35,0
DA:36,0
DA:37,0
DA:38,0
DA:39,0
DA:42,0
DA:43,0
DA:44,0
DA:45,0
DA:48,0
DA:49,0
DA:50,0
DA:51,0
DA:52,0
DA:53,0
DA:56,0
DA:57,0
DA:58,0
DA:59,0
DA:62,0
DA:63,0
DA:64,0
DA:65,0
DA:67,0
DA:68,0
DA:72,0
DA:73,0
DA:74,0
DA:75,0
DA:78,0
DA:79,0
DA:82,0
DA:83,0
DA:84,0
DA:88,0
DA:89,0
DA:93,0
DA:94,0
DA:95,0
DA:96,0
DA:100,0
DA:107,0
DA:108,0
DA:111,0
DA:112,0
DA:115,0
DA:122,0
LF:57
LH:0
BRDA:15,0,0,0
BRDA:15,0,1,0
BRDA:68,1,0,0
BRDA:68,1,1,0
BRDA:88,2,0,0
BRDA:88,2,1,0
BRDA:93,3,0,0
BRDA:93,3,1,0
BRDA:107,4,0,0
BRDA:107,4,1,0
BRDA:107,5,0,0
BRDA:107,5,1,0
BRDA:112,6,0,0
BRDA:112,6,1,0
BRDA:115,7,0,0
BRDA:115,7,1,0
BRF:16
BRH:0
end_of_record
TN:
SF:src\services\JSONRuleEvaluator.js
FN:23,(anonymous_0)
FN:33,(anonymous_1)
FN:50,(anonymous_2)
FN:82,(anonymous_3)
FN:87,(anonymous_4)
FN:93,(anonymous_5)
FN:98,(anonymous_6)
FN:104,(anonymous_7)
FN:111,(anonymous_8)
FN:129,(anonymous_9)
FN:206,(anonymous_10)
FN:220,(anonymous_11)
FN:239,(anonymous_12)
FN:242,(anonymous_13)
FN:258,(anonymous_14)
FNF:15
FNH:0
FNDA:0,(anonymous_0)
FNDA:0,(anonymous_1)
FNDA:0,(anonymous_2)
FNDA:0,(anonymous_3)
FNDA:0,(anonymous_4)
FNDA:0,(anonymous_5)
FNDA:0,(anonymous_6)
FNDA:0,(anonymous_7)
FNDA:0,(anonymous_8)
FNDA:0,(anonymous_9)
FNDA:0,(anonymous_10)
FNDA:0,(anonymous_11)
FNDA:0,(anonymous_12)
FNDA:0,(anonymous_13)
FNDA:0,(anonymous_14)
DA:24,0
DA:34,0
DA:35,0
DA:38,0
DA:39,0
DA:41,0
DA:43,0
DA:44,0
DA:52,0
DA:53,0
DA:56,0
DA:57,0
DA:60,0
DA:61,0
DA:65,0
DA:66,0
DA:70,0
DA:72,0
DA:75,0
DA:76,0
DA:83,0
DA:84,0
DA:87,0
DA:94,0
DA:95,0
DA:98,0
DA:105,0
DA:112,0
DA:115,0
DA:118,0
DA:119,0
DA:123,0
DA:130,0
DA:131,0
DA:133,0
DA:135,0
DA:138,0
DA:141,0
DA:142,0
DA:143,0
DA:145,0
DA:148,0
DA:149,0
DA:150,0
DA:152,0
DA:155,0
DA:158,0
DA:161,0
DA:164,0
DA:167,0
DA:170,0
DA:173,0
DA:176,0
DA:177,0
DA:178,0
DA:180,0
DA:181,0
DA:185,0
DA:186,0
DA:187,0
DA:189,0
DA:192,0
DA:195,0
DA:198,0
DA:199,0
DA:207,0
DA:209,0
DA:211,0
DA:213,0
DA:221,0
DA:224,0
DA:225,0
DA:226,0
DA:229,0
DA:230,0
DA:233,0
DA:240,0
DA:242,0
DA:243,0
DA:244,0
DA:245,0
DA:249,0
DA:250,0
DA:251,0
DA:253,0
DA:254,0
DA:255,0
DA:258,0
DA:259,0
DA:263,0
DA:264,0
DA:269,0
DA:270,0
DA:274,0
DA:281,0
DA:282,0
DA:286,0
DA:287,0
DA:288,0
DA:290,0
DA:291,0
DA:292,0
DA:298,0
DA:300,0
LF:104
LH:0
BRDA:34,0,0,0
BRDA:34,0,1,0
BRDA:34,1,0,0
BRDA:34,1,1,0
BRDA:43,2,0,0
BRDA:43,2,1,0
BRDA:52,3,0,0
BRDA:52,3,1,0
BRDA:56,4,0,0
BRDA:56,4,1,0
BRDA:60,5,0,0
BRDA:60,5,1,0
BRDA:65,6,0,0
BRDA:65,6,1,0
BRDA:65,7,0,0
BRDA:65,7,1,0
BRDA:70,8,0,0
BRDA:70,8,1,0
BRDA:83,9,0,0
BRDA:83,9,1,0
BRDA:83,10,0,0
BRDA:83,10,1,0
BRDA:94,11,0,0
BRDA:94,11,1,0
BRDA:94,12,0,0
BRDA:94,12,1,0
BRDA:118,13,0,0
BRDA:118,13,1,0
BRDA:118,14,0,0
BRDA:118,14,1,0
BRDA:133,15,0,0
BRDA:133,15,1,0
BRDA:133,15,2,0
BRDA:133,15,3,0
BRDA:133,15,4,0
BRDA:133,15,5,0
BRDA:133,15,6,0
BRDA:133,15,7,0
BRDA:133,15,8,0
BRDA:133,15,9,0
BRDA:133,15,10,0
BRDA:133,15,11,0
BRDA:133,15,12,0
BRDA:133,15,13,0
BRDA:133,15,14,0
BRDA:133,15,15,0
BRDA:141,16,0,0
BRDA:141,16,1,0
BRDA:148,17,0,0
BRDA:148,17,1,0
BRDA:185,18,0,0
BRDA:185,18,1,0
BRDA:185,19,0,0
BRDA:185,19,1,0
BRDA:189,20,0,0
BRDA:189,20,1,0
BRDA:192,21,0,0
BRDA:192,21,1,0
BRDA:195,22,0,0
BRDA:195,22,1,0
BRDA:207,23,0,0
BRDA:207,23,1,0
BRDA:207,23,2,0
BRDA:229,24,0,0
BRDA:229,24,1,0
BRDA:229,25,0,0
BRDA:229,25,1,0
BRDA:242,26,0,0
BRDA:243,27,0,0
BRDA:243,27,1,0
BRDA:243,28,0,0
BRDA:243,28,1,0
BRDA:249,29,0,0
BRDA:249,29,1,0
BRDA:249,30,0,0
BRDA:249,30,1,0
BRDA:250,31,0,0
BRDA:250,31,1,0
BRDA:253,32,0,0
BRDA:253,32,1,0
BRDA:253,33,0,0
BRDA:253,33,1,0
BRDA:263,34,0,0
BRDA:263,34,1,0
BRDA:269,35,0,0
BRDA:269,35,1,0
BRDA:269,36,0,0
BRDA:269,36,1,0
BRDA:281,37,0,0
BRDA:281,37,1,0
BRDA:281,38,0,0
BRDA:281,38,1,0
BRDA:286,39,0,0
BRDA:286,39,1,0
BRDA:286,40,0,0
BRDA:286,40,1,0
BRDA:287,41,0,0
BRDA:287,41,1,0
BRDA:290,42,0,0
BRDA:290,42,1,0
BRDA:291,43,0,0
BRDA:291,43,1,0
BRDA:291,44,0,0
BRDA:291,44,1,0
BRF:104
BRH:0
end_of_record
TN:
SF:src\services\ModifierEngine.js
FN:23,(anonymous_0)
FN:40,(anonymous_1)
FN:57,(anonymous_2)
FN:70,(anonymous_3)
FN:85,(anonymous_4)
FN:86,(anonymous_5)
FN:130,(anonymous_6)
FN:131,(anonymous_7)
FN:132,(anonymous_8)
FN:169,(anonymous_9)
FN:205,(anonymous_10)
FN:219,(anonymous_11)
FN:276,(anonymous_12)
FNF:13
FNH:8
FNDA:0,(anonymous_0)
FNDA:1,(anonymous_1)
FNDA:0,(anonymous_2)
FNDA:3,(anonymous_3)
FNDA:3,(anonymous_4)
FNDA:3,(anonymous_5)
FNDA:2,(anonymous_6)
FNDA:3,(anonymous_7)
FNDA:3,(anonymous_8)
FNDA:2,(anonymous_9)
FNDA:0,(anonymous_10)
FNDA:0,(anonymous_11)
FNDA:0,(anonymous_12)
DA:24,0
DA:41,1
DA:43,1
DA:44,0
DA:46,1
DA:47,0
DA:50,1
DA:55,1
DA:56,0
DA:57,0
DA:61,1
DA:65,1
DA:70,1
DA:71,3
DA:72,3
DA:75,1
DA:76,0
DA:85,3
DA:86,3
DA:88,1
DA:89,1
DA:90,1
DA:93,1
DA:98,1
DA:99,1
DA:102,1
DA:107,1
DA:108,1
DA:112,1
DA:114,1
DA:121,0
DA:122,0
DA:131,3
DA:132,3
DA:134,2
DA:139,2
DA:140,0
DA:141,0
DA:143,0
DA:144,0
DA:146,0
DA:148,0
DA:149,0
DA:150,0
DA:154,0
DA:155,0
DA:169,2
DA:171,2
DA:172,2
DA:174,2
DA:175,3
DA:178,3
DA:180,3
DA:193,3
DA:196,2
DA:206,0
DA:211,0
DA:220,0
DA:223,0
DA:224,0
DA:227,0
DA:228,0
DA:231,0
DA:232,0
DA:236,0
DA:237,0
DA:241,0
DA:242,0
DA:243,0
DA:245,0
DA:246,0
DA:251,0
DA:252,0
DA:255,0
DA:256,0
DA:259,0
DA:260,0
DA:263,0
DA:264,0
DA:267,0
DA:277,0
DA:279,0
LF:82
LH:37
BRDA:43,0,0,0
BRDA:43,0,1,1
BRDA:43,1,0,1
BRDA:43,1,1,1
BRDA:46,2,0,0
BRDA:46,2,1,1
BRDA:46,3,0,1
BRDA:46,3,1,1
BRDA:55,4,0,0
BRDA:55,4,1,1
BRDA:55,5,0,1
BRDA:55,5,1,0
BRDA:75,6,0,0
BRDA:75,6,1,1
BRDA:139,7,0,0
BRDA:139,7,1,2
BRDA:148,8,0,0
BRDA:148,8,1,0
BRDA:154,9,0,0
BRDA:154,9,1,0
BRDA:169,10,0,2
BRDA:169,10,1,0
BRDA:169,11,0,2
BRDA:169,11,1,0
BRDA:182,12,0,3
BRDA:182,12,1,0
BRDA:205,13,0,0
BRDA:223,14,0,0
BRDA:223,14,1,0
BRDA:223,15,0,0
BRDA:223,15,1,0
BRDA:227,16,0,0
BRDA:227,16,1,0
BRDA:227,17,0,0
BRDA:227,17,1,0
BRDA:231,18,0,0
BRDA:231,18,1,0
BRDA:231,19,0,0
BRDA:231,19,1,0
BRDA:236,20,0,0
BRDA:236,20,1,0
BRDA:236,21,0,0
BRDA:236,21,1,0
BRDA:236,21,2,0
BRDA:241,22,0,0
BRDA:241,22,1,0
BRDA:241,23,0,0
BRDA:241,23,1,0
BRDA:245,24,0,0
BRDA:245,24,1,0
BRDA:251,25,0,0
BRDA:251,25,1,0
BRDA:251,26,0,0
BRDA:251,26,1,0
BRDA:255,27,0,0
BRDA:255,27,1,0
BRDA:255,28,0,0
BRDA:255,28,1,0
BRDA:259,29,0,0
BRDA:259,29,1,0
BRDA:259,30,0,0
BRDA:259,30,1,0
BRDA:263,31,0,0
BRDA:263,31,1,0
BRDA:263,32,0,0
BRDA:263,32,1,0
BRDA:263,32,2,0
BRDA:277,33,0,0
BRDA:277,33,1,0
BRDA:277,34,0,0
BRDA:277,34,1,0
BRF:71
BRH:13
end_of_record
